0 silly argv {
0 silly argv   _: [ 'version' ],
0 silly argv   'conventional-commits': true,
0 silly argv   conventionalCommits: true,
0 silly argv   'create-release': 'github',
0 silly argv   createRelease: 'github',
0 silly argv   yes: true,
0 silly argv   y: true,
0 silly argv   lernaVersion: '3.22.1',
0 silly argv   '$0': 'node_modules/.bin/lerna'
0 silly argv }
1 notice cli v3.22.1
2 verbose rootPath /home/gabriel/Projects/lerna-example
3 info current version 1.2.0
4 silly isAnythingCommitted
5 verbose isAnythingCommitted 1
6 silly currentBranch
7 verbose currentBranch master
8 silly remoteBranchExists
9 silly isBehindUpstream
10 silly isBehindUpstream master is behind origin/master by 0 commit(s) and ahead by 0
11 silly hasTags
12 verbose hasTags true
13 silly git-describe.sync "v1.2.0-1-g0362447" => {"lastTagName":"v1.2.0","lastVersion":"v1.2.0","refCount":"1","sha":"0362447","isDirty":false}
14 info Looking for changed packages since v1.2.0
15 silly checking diff packages/common
16 silly found diff in packages/common/index.js
17 verbose filtered diff [ 'packages/common/index.js' ]
18 silly checking diff packages/server
19 silly no diff found in @lerna-example/server
20 verbose updated @lerna-example/common
21 verbose updated @lerna-example/server
22 verbose git-describe undefined => "v1.2.0-1-g0362447"
23 silly git-describe parsed => {"lastTagName":"v1.2.0","lastVersion":"v1.2.0","refCount":"1","sha":"0362447","isDirty":false}
24 silly fixed for @lerna-example/common at /home/gabriel/Projects/lerna-example/packages/common
25 verbose getChangelogConfig using preset "conventional-changelog-angular"
26 silly npa Result {
26 silly npa   type: 'tag',
26 silly npa   registry: true,
26 silly npa   where: undefined,
26 silly npa   raw: 'conventional-changelog-angular',
26 silly npa   name: 'conventional-changelog-angular',
26 silly npa   escapedName: 'conventional-changelog-angular',
26 silly npa   scope: undefined,
26 silly npa   rawSpec: '',
26 silly npa   saveSpec: null,
26 silly npa   fetchSpec: 'latest',
26 silly npa   gitRange: undefined,
26 silly npa   gitCommittish: undefined,
26 silly npa   hosted: undefined
26 silly npa }
27 verbose getChangelogConfig Attempting to resolve preset "conventional-changelog-angular"
28 info getChangelogConfig Successfully resolved preset "conventional-changelog-angular"
29 verbose fixed increment 1.2.0 by patch
30 silly fixed for @lerna-example/server at /home/gabriel/Projects/lerna-example/packages/server
31 verbose fixed increment 1.2.0 by patch
32 info auto-confirmed
33 info execute Creating releases...
34 silly lifecycle No script for "preversion" in "lerna-example", continuing
35 silly lifecycle No script for "preversion" in "@lerna-example/common", continuing
36 silly lifecycle No script for "version" in "@lerna-example/common", continuing
37 silly fixed for @lerna-example/common at /home/gabriel/Projects/lerna-example/packages/common
38 silly fixed writing new entry: "## [1.2.1](https://github.com/gsgabrielsilvas/lerna-example/compare/v1.2.0...v1.2.1) (2020-08-03)\n\n**Note:** Version bump only for package @lerna-example/common\n\n\n\n"
39 verbose fixed wrote /home/gabriel/Projects/lerna-example/packages/common/CHANGELOG.md
40 silly lifecycle No script for "preversion" in "@lerna-example/server", continuing
41 silly lifecycle No script for "version" in "@lerna-example/server", continuing
42 silly fixed for @lerna-example/server at /home/gabriel/Projects/lerna-example/packages/server
43 silly fixed writing new entry: "## [1.2.1](https://github.com/gsgabrielsilvas/lerna-example/compare/v1.2.0...v1.2.1) (2020-08-03)\n\n**Note:** Version bump only for package @lerna-example/server\n\n\n\n"
44 verbose fixed wrote /home/gabriel/Projects/lerna-example/packages/server/CHANGELOG.md
45 silly root for lerna-example at /home/gabriel/Projects/lerna-example
46 silly root writing new entry: "## [1.2.1](https://github.com/gsgabrielsilvas/lerna-example/compare/v1.2.0...v1.2.1) (2020-08-03)\n\n**Note:** Version bump only for package lerna-example\n\n\n\n"
47 verbose root wrote /home/gabriel/Projects/lerna-example/CHANGELOG.md
48 silly lifecycle No script for "version" in "lerna-example", continuing
49 silly gitAdd [
49 silly gitAdd   'packages/common/package.json',
49 silly gitAdd   'packages/common/CHANGELOG.md',
49 silly gitAdd   'packages/server/package.json',
49 silly gitAdd   'packages/server/CHANGELOG.md',
49 silly gitAdd   'CHANGELOG.md',
49 silly gitAdd   'lerna.json'
49 silly gitAdd ]
50 silly gitCommit v1.2.1
51 verbose git [ 'commit', '-m', 'v1.2.1' ]
52 silly gitTag v1.2.1
53 verbose git [ 'tag', 'v1.2.1', '-m', 'v1.2.1' ]
54 silly lifecycle No script for "postversion" in "@lerna-example/common", continuing
55 silly lifecycle No script for "postversion" in "@lerna-example/server", continuing
56 silly lifecycle No script for "postversion" in "lerna-example", continuing
57 info git Pushing tags...
58 silly gitPush origin master
59 silly parseGitRepo
60 verbose git [ 'config', '--get', 'remote.origin.url' ]
61 silly createGitHubClient
62 error Error: A GH_TOKEN environment variable is required.
62 error     at createGitHubClient (/home/gabriel/Projects/lerna-example/node_modules/@lerna/github-client/lib/github-client.js:17:11)
62 error     at createClient (/home/gabriel/Projects/lerna-example/node_modules/@lerna/version/lib/create-release.js:16:14)
62 error     at createRelease (/home/gabriel/Projects/lerna-example/node_modules/@lerna/version/lib/create-release.js:25:18)
62 error     at /home/gabriel/Projects/lerna-example/node_modules/@lerna/version/index.js:282:9
62 error     at /home/gabriel/Projects/lerna-example/node_modules/p-waterfall/index.js:4:73
62 error     at /home/gabriel/Projects/lerna-example/node_modules/p-reduce/index.js:16:10
